mode: atomic
github.com/gucio321/d2d2s/pkg/d2s/d2sdifficulty/difficulty.go:16.24,20.72 3 2
github.com/gucio321/d2d2s/pkg/d2s/d2sdifficulty/difficulty.go:24.2,24.15 1 2
github.com/gucio321/d2d2s/pkg/d2s/d2sdifficulty/difficulty.go:20.72,22.3 1 6
github.com/gucio321/d2d2s/pkg/d2s/d2sdifficulty/difficulty.go:31.58,33.72 2 2
github.com/gucio321/d2d2s/pkg/d2s/d2sdifficulty/difficulty.go:33.72,37.3 2 6
github.com/gucio321/d2d2s/pkg/d2s/d2sdifficulty/difficulty.go:41.65,43.72 2 2
github.com/gucio321/d2d2s/pkg/d2s/d2sdifficulty/difficulty.go:47.2,51.15 3 2
github.com/gucio321/d2d2s/pkg/d2s/d2sdifficulty/difficulty.go:43.72,45.3 1 6
github.com/gucio321/d2d2s/pkg/d2s/d2sdifficulty/difficulty.go:65.49,73.2 7 6
github.com/gucio321/d2d2s/pkg/d2s/d2sdifficulty/difficulty.go:76.56,86.2 8 6
github.com/gucio321/d2d2s/pkg/d2s/d2sdifficulty/difficulty.go:89.49,90.39 1 0
github.com/gucio321/d2d2s/pkg/d2s/d2sdifficulty/difficulty.go:90.39,92.3 1 0
github.com/gucio321/d2d2s/pkg/d2s/d2sitems/d2smagicattributes/data.go:14.50,319.9 3 4
github.com/gucio321/d2d2s/pkg/d2s/d2sitems/d2smagicattributes/data.go:323.2,323.11 1 4
github.com/gucio321/d2d2s/pkg/d2s/d2sitems/d2smagicattributes/data.go:319.9,321.3 1 0
github.com/gucio321/d2d2s/pkg/d2s/d2sitems/d2smagicattributes/magic_attributs.go:20.64,21.6 1 1
github.com/gucio321/d2d2s/pkg/d2s/d2sitems/d2smagicattributes/magic_attributs.go:52.2,52.12 1 1
github.com/gucio321/d2d2s/pkg/d2s/d2sitems/d2smagicattributes/magic_attributs.go:21.6,23.26 2 3
github.com/gucio321/d2d2s/pkg/d2s/d2sitems/d2smagicattributes/magic_attributs.go:27.3,28.18 2 2
github.com/gucio321/d2d2s/pkg/d2s/d2sitems/d2smagicattributes/magic_attributs.go:32.3,34.39 2 2
github.com/gucio321/d2d2s/pkg/d2s/d2sitems/d2smagicattributes/magic_attributs.go:43.3,49.24 2 2
github.com/gucio321/d2d2s/pkg/d2s/d2sitems/d2smagicattributes/magic_attributs.go:23.26,24.9 1 1
github.com/gucio321/d2d2s/pkg/d2s/d2sitems/d2smagicattributes/magic_attributs.go:28.18,30.4 1 0
github.com/gucio321/d2d2s/pkg/d2s/d2sitems/d2smagicattributes/magic_attributs.go:34.39,36.22 2 2
github.com/gucio321/d2d2s/pkg/d2s/d2sitems/d2smagicattributes/magic_attributs.go:40.4,40.39 1 2
github.com/gucio321/d2d2s/pkg/d2s/d2sitems/d2smagicattributes/magic_attributs.go:36.22,38.5 1 0
github.com/gucio321/d2d2s/pkg/d2s/d2sitems/d2smagicattributes/magic_attributs.go:56.74,57.23 1 1
github.com/gucio321/d2d2s/pkg/d2s/d2sitems/d2smagicattributes/magic_attributs.go:75.2,77.12 2 1
github.com/gucio321/d2d2s/pkg/d2s/d2sitems/d2smagicattributes/magic_attributs.go:57.23,61.18 3 2
github.com/gucio321/d2d2s/pkg/d2s/d2sitems/d2smagicattributes/magic_attributs.go:65.3,65.39 1 2
github.com/gucio321/d2d2s/pkg/d2s/d2sitems/d2smagicattributes/magic_attributs.go:61.18,63.4 1 0
github.com/gucio321/d2d2s/pkg/d2s/d2sitems/d2smagicattributes/magic_attributs.go:65.39,67.22 2 2
github.com/gucio321/d2d2s/pkg/d2s/d2sitems/d2smagicattributes/magic_attributs.go:71.4,71.46 1 2
github.com/gucio321/d2d2s/pkg/d2s/d2sitems/d2smagicattributes/magic_attributs.go:67.22,69.5 1 0
github.com/gucio321/d2d2s/pkg/d2s/d2sitems/d2smagicattributes/magic_attributs.go:87.42,90.29 2 2
github.com/gucio321/d2d2s/pkg/d2s/d2sitems/d2smagicattributes/magic_attributs.go:94.2,94.15 1 2
github.com/gucio321/d2d2s/pkg/d2s/d2sitems/d2smagicattributes/magic_attributs.go:90.29,92.3 1 6
github.com/gucio321/d2d2s/pkg/d2s/api.go:22.8,26.2 2 0
github.com/gucio321/d2d2s/pkg/d2s/api.go:31.41,35.34 2 1
github.com/gucio321/d2d2s/pkg/d2s/api.go:40.2,40.13 1 1
github.com/gucio321/d2d2s/pkg/d2s/api.go:49.1,50.6 1 1
github.com/gucio321/d2d2s/pkg/d2s/api.go:62.2,62.69 1 1
github.com/gucio321/d2d2s/pkg/d2s/api.go:82.2,82.32 1 1
github.com/gucio321/d2d2s/pkg/d2s/api.go:90.1,91.6 1 1
github.com/gucio321/d2d2s/pkg/d2s/api.go:101.2,103.10 2 1
github.com/gucio321/d2d2s/pkg/d2s/api.go:35.34,37.3 1 54
github.com/gucio321/d2d2s/pkg/d2s/api.go:40.13,42.33 1 1
github.com/gucio321/d2d2s/pkg/d2s/api.go:42.33,45.4 2 5
github.com/gucio321/d2d2s/pkg/d2s/api.go:50.6,51.26 1 3
github.com/gucio321/d2d2s/pkg/d2s/api.go:52.17,55.19 2 2
github.com/gucio321/d2d2s/pkg/d2s/api.go:56.11,57.38 1 1
github.com/gucio321/d2d2s/pkg/d2s/api.go:62.69,68.21 4 1
github.com/gucio321/d2d2s/pkg/d2s/api.go:72.3,72.31 1 1
github.com/gucio321/d2d2s/pkg/d2s/api.go:78.3,78.29 1 1
github.com/gucio321/d2d2s/pkg/d2s/api.go:68.21,70.4 1 1
github.com/gucio321/d2d2s/pkg/d2s/api.go:72.31,76.4 3 3
github.com/gucio321/d2d2s/pkg/d2s/api.go:82.32,87.3 2 1
github.com/gucio321/d2d2s/pkg/d2s/api.go:91.6,92.36 1 1
github.com/gucio321/d2d2s/pkg/d2s/api.go:93.17,95.29 2 0
github.com/gucio321/d2d2s/pkg/d2s/api.go:96.11,97.36 1 1
github.com/gucio321/d2d2s/pkg/d2s/api.go:107.41,108.29 1 2
github.com/gucio321/d2d2s/pkg/d2s/api.go:113.2,116.10 3 2
github.com/gucio321/d2d2s/pkg/d2s/api.go:108.29,111.3 2 1
github.com/gucio321/d2d2s/pkg/d2s/api.go:120.42,123.2 2 0
github.com/gucio321/d2d2s/pkg/d2s/api.go:126.56,129.2 2 0
github.com/gucio321/d2d2s/pkg/d2s/api.go:132.55,135.2 2 0
github.com/gucio321/d2d2s/pkg/d2s/d2s.go:78.17,97.2 2 5
github.com/gucio321/d2d2s/pkg/d2s/d2s.go:100.38,105.46 3 2
github.com/gucio321/d2d2s/pkg/d2s/d2s.go:109.2,125.50 9 2
github.com/gucio321/d2d2s/pkg/d2s/d2s.go:129.2,129.56 1 2
github.com/gucio321/d2d2s/pkg/d2s/d2s.go:133.2,133.20 1 2
github.com/gucio321/d2d2s/pkg/d2s/d2s.go:105.46,107.3 1 0
github.com/gucio321/d2d2s/pkg/d2s/d2s.go:125.50,127.3 1 0
github.com/gucio321/d2d2s/pkg/d2s/d2s.go:129.56,131.3 1 0
github.com/gucio321/d2d2s/pkg/d2s/d2s.go:136.58,137.65 1 2
github.com/gucio321/d2d2s/pkg/d2s/d2s.go:141.2,144.42 3 2
github.com/gucio321/d2d2s/pkg/d2s/d2s.go:148.2,161.12 7 2
github.com/gucio321/d2d2s/pkg/d2s/d2s.go:137.65,139.3 1 0
github.com/gucio321/d2d2s/pkg/d2s/d2s.go:144.42,146.3 1 0
github.com/gucio321/d2d2s/pkg/d2s/d2s.go:164.57,179.2 11 2
github.com/gucio321/d2d2s/pkg/d2s/d2s.go:181.60,196.24 9 2
github.com/gucio321/d2d2s/pkg/d2s/d2s.go:196.24,202.3 4 0
github.com/gucio321/d2d2s/pkg/d2s/d2s.go:205.62,221.56 9 2
github.com/gucio321/d2d2s/pkg/d2s/d2s.go:225.2,231.57 4 2
github.com/gucio321/d2d2s/pkg/d2s/d2s.go:235.2,241.44 4 2
github.com/gucio321/d2d2s/pkg/d2s/d2s.go:245.2,245.12 1 2
github.com/gucio321/d2d2s/pkg/d2s/d2s.go:221.56,223.3 1 0
github.com/gucio321/d2d2s/pkg/d2s/d2s.go:231.57,233.3 1 0
github.com/gucio321/d2d2s/pkg/d2s/d2s.go:241.44,243.3 1 0
github.com/gucio321/d2d2s/pkg/d2s/d2s.go:248.68,249.41 1 2
github.com/gucio321/d2d2s/pkg/d2s/d2s.go:253.2,259.68 4 2
github.com/gucio321/d2d2s/pkg/d2s/d2s.go:263.2,264.16 2 2
github.com/gucio321/d2d2s/pkg/d2s/d2s.go:268.2,268.55 1 2
github.com/gucio321/d2d2s/pkg/d2s/d2s.go:273.2,273.42 1 2
github.com/gucio321/d2d2s/pkg/d2s/d2s.go:277.2,277.24 1 2
github.com/gucio321/d2d2s/pkg/d2s/d2s.go:284.2,284.68 1 2
github.com/gucio321/d2d2s/pkg/d2s/d2s.go:290.2,290.12 1 2
github.com/gucio321/d2d2s/pkg/d2s/d2s.go:249.41,251.3 1 0
github.com/gucio321/d2d2s/pkg/d2s/d2s.go:259.68,261.3 1 0
github.com/gucio321/d2d2s/pkg/d2s/d2s.go:264.16,266.3 1 0
github.com/gucio321/d2d2s/pkg/d2s/d2s.go:268.55,270.3 1 0
github.com/gucio321/d2d2s/pkg/d2s/d2s.go:273.42,275.3 1 0
github.com/gucio321/d2d2s/pkg/d2s/d2s.go:277.24,278.55 1 0
github.com/gucio321/d2d2s/pkg/d2s/d2s.go:278.55,280.4 1 0
github.com/gucio321/d2d2s/pkg/d2s/d2s.go:284.68,285.46 1 0
github.com/gucio321/d2d2s/pkg/d2s/d2s.go:285.46,287.4 1 0
github.com/gucio321/d2d2s/pkg/d2s/d2s.go:294.40,297.43 2 2
github.com/gucio321/d2d2s/pkg/d2s/d2s.go:301.2,317.24 14 2
github.com/gucio321/d2d2s/pkg/d2s/d2s.go:322.2,344.16 15 2
github.com/gucio321/d2d2s/pkg/d2s/d2s.go:348.2,355.44 5 2
github.com/gucio321/d2d2s/pkg/d2s/d2s.go:359.2,361.68 2 2
github.com/gucio321/d2d2s/pkg/d2s/d2s.go:366.2,370.18 4 2
github.com/gucio321/d2d2s/pkg/d2s/d2s.go:297.43,299.3 1 0
github.com/gucio321/d2d2s/pkg/d2s/d2s.go:317.24,320.3 2 0
github.com/gucio321/d2d2s/pkg/d2s/d2s.go:344.16,346.3 1 0
github.com/gucio321/d2d2s/pkg/d2s/d2s.go:355.44,357.3 1 0
github.com/gucio321/d2d2s/pkg/d2s/d2s.go:361.68,363.3 1 0
github.com/gucio321/d2d2s/pkg/d2s/d2s.go:373.62,382.35 6 2
github.com/gucio321/d2d2s/pkg/d2s/d2s.go:386.2,390.51 3 2
github.com/gucio321/d2d2s/pkg/d2s/d2s.go:394.2,394.12 1 2
github.com/gucio321/d2d2s/pkg/d2s/d2s.go:382.35,384.3 1 0
github.com/gucio321/d2d2s/pkg/d2s/d2s.go:390.51,392.3 1 25
github.com/gucio321/d2d2s/pkg/d2s/d2s.go:398.38,400.23 2 2
github.com/gucio321/d2d2s/pkg/d2s/d2s.go:416.2,419.33 3 2
github.com/gucio321/d2d2s/pkg/d2s/d2s.go:400.23,414.3 2 1700
github.com/gucio321/d2d2s/pkg/d2s/d2s.go:419.33,421.3 1 8
github.com/gucio321/d2d2s/pkg/d2s/d2s.go:425.38,431.33 4 2
github.com/gucio321/d2d2s/pkg/d2s/d2s.go:431.33,433.3 1 8
github.com/gucio321/d2d2s/pkg/d2s/d2sprogression/progression.go:6.25,13.2 2 5
github.com/gucio321/d2d2s/pkg/d2s/d2sprogression/progression.go:34.39,37.30 2 5
github.com/gucio321/d2d2s/pkg/d2s/d2sprogression/progression.go:42.2,44.19 2 5
github.com/gucio321/d2d2s/pkg/d2s/d2sprogression/progression.go:37.30,40.3 2 4
github.com/gucio321/d2d2s/pkg/d2s/d2sprogression/progression.go:48.44,53.2 3 5
github.com/gucio321/d2d2s/pkg/d2s/d2smercenary/d2smercenarytype/mercenary_class_string.go:21.36,22.45 1 0
github.com/gucio321/d2d2s/pkg/d2s/d2smercenary/d2smercenarytype/mercenary_class_string.go:25.2,25.67 1 0
github.com/gucio321/d2d2s/pkg/d2s/d2smercenary/d2smercenarytype/mercenary_class_string.go:22.45,24.3 1 0
github.com/gucio321/d2d2s/pkg/d2s/d2smercenary/d2smercenarytype/merc_type.go:21.37,27.58 3 3
github.com/gucio321/d2d2s/pkg/d2s/d2smercenary/d2smercenarytype/merc_type.go:45.2,45.15 1 3
github.com/gucio321/d2d2s/pkg/d2s/d2smercenary/d2smercenarytype/merc_type.go:27.58,29.73 2 9
github.com/gucio321/d2d2s/pkg/d2s/d2smercenary/d2smercenarytype/merc_type.go:42.3,42.17 1 6
github.com/gucio321/d2d2s/pkg/d2s/d2smercenary/d2smercenarytype/merc_type.go:29.73,30.27 1 25
github.com/gucio321/d2d2s/pkg/d2s/d2smercenary/d2smercenarytype/merc_type.go:30.27,31.16 1 63
github.com/gucio321/d2d2s/pkg/d2s/d2smercenary/d2smercenarytype/merc_type.go:39.5,39.9 1 60
github.com/gucio321/d2d2s/pkg/d2s/d2smercenary/d2smercenarytype/merc_type.go:31.16,37.18 4 3
github.com/gucio321/d2d2s/pkg/d2s/d2smercenary/d2smercenarytype/merc_type.go:49.50,52.51 2 3
github.com/gucio321/d2d2s/pkg/d2s/d2smercenary/d2smercenarytype/merc_type.go:58.2,58.60 1 3
github.com/gucio321/d2d2s/pkg/d2s/d2smercenary/d2smercenarytype/merc_type.go:62.2,64.15 2 3
github.com/gucio321/d2d2s/pkg/d2s/d2smercenary/d2smercenarytype/merc_type.go:52.51,56.3 3 6
github.com/gucio321/d2d2s/pkg/d2s/d2smercenary/d2smercenarytype/merc_type.go:58.60,60.3 1 4
github.com/gucio321/d2d2s/pkg/d2s/d2smercenary/d2smercenarytype/merc_type.go:80.40,90.9 3 20
github.com/gucio321/d2d2s/pkg/d2s/d2smercenary/d2smercenarytype/merc_type.go:94.2,94.15 1 19
github.com/gucio321/d2d2s/pkg/d2s/d2smercenary/d2smercenarytype/merc_type.go:90.9,91.97 1 1
github.com/gucio321/d2d2s/pkg/d2s/d2smercenary/d2smercenarytype/merc_type.go:120.58,123.31 2 5
github.com/gucio321/d2d2s/pkg/d2s/d2smercenary/d2smercenarytype/merc_type.go:127.2,129.63 2 4
github.com/gucio321/d2d2s/pkg/d2s/d2smercenary/d2smercenarytype/merc_type.go:133.2,133.15 1 4
github.com/gucio321/d2d2s/pkg/d2s/d2smercenary/d2smercenarytype/merc_type.go:123.31,125.3 1 1
github.com/gucio321/d2d2s/pkg/d2s/d2smercenary/d2smercenarytype/merc_type.go:129.63,131.3 1 10
github.com/gucio321/d2d2s/pkg/d2s/d2smercenary/d2smercenarytype/merc_type.go:136.41,138.2 1 0
github.com/gucio321/d2d2s/pkg/d2s/d2smercenary/d2smercenarytype/mercenary_attribute_string.go:27.40,28.53 1 0
github.com/gucio321/d2d2s/pkg/d2s/d2smercenary/d2smercenarytype/mercenary_attribute_string.go:31.2,31.79 1 0
github.com/gucio321/d2d2s/pkg/d2s/d2smercenary/d2smercenarytype/mercenary_attribute_string.go:28.53,30.3 1 0
github.com/gucio321/d2d2s/pkg/d2s/d2sskills/skills.go:20.20,25.2 3 1
github.com/gucio321/d2d2s/pkg/d2s/d2sskills/skills.go:28.86,32.40 3 1
github.com/gucio321/d2d2s/pkg/d2s/d2sskills/skills.go:36.2,38.31 2 1
github.com/gucio321/d2d2s/pkg/d2s/d2sskills/skills.go:43.2,43.12 1 1
github.com/gucio321/d2d2s/pkg/d2s/d2sskills/skills.go:32.40,34.3 1 0
github.com/gucio321/d2d2s/pkg/d2s/d2sskills/skills.go:38.31,41.3 2 30
github.com/gucio321/d2d2s/pkg/d2s/d2sskills/skills.go:47.85,54.31 4 1
github.com/gucio321/d2d2s/pkg/d2s/d2sskills/skills.go:58.2,62.15 3 1
github.com/gucio321/d2d2s/pkg/d2s/d2sskills/skills.go:54.31,56.3 1 30
github.com/gucio321/d2d2s/pkg/d2s/d2sstatus/status.go:20.20,23.2 2 2
github.com/gucio321/d2d2s/pkg/d2s/d2sstatus/status.go:26.34,36.2 9 2
github.com/gucio321/d2d2s/pkg/d2s/d2sstatus/status.go:39.41,51.2 10 2
github.com/gucio321/d2d2s/pkg/d2s/d2sstats/stats.go:42.19,45.2 2 2
github.com/gucio321/d2d2s/pkg/d2s/d2sstats/stats.go:48.54,50.33 2 2
github.com/gucio321/d2d2s/pkg/d2s/d2sstats/stats.go:54.2,56.6 2 2
github.com/gucio321/d2d2s/pkg/d2s/d2sstats/stats.go:106.2,110.12 3 2
github.com/gucio321/d2d2s/pkg/d2s/d2sstats/stats.go:50.33,52.3 1 0
github.com/gucio321/d2d2s/pkg/d2s/d2sstats/stats.go:56.6,61.24 2 31
github.com/gucio321/d2d2s/pkg/d2s/d2sstats/stats.go:66.3,67.17 2 29
github.com/gucio321/d2d2s/pkg/d2s/d2sstats/stats.go:72.3,95.13 3 29
github.com/gucio321/d2d2s/pkg/d2s/d2sstats/stats.go:61.24,62.9 1 2
github.com/gucio321/d2d2s/pkg/d2s/d2sstats/stats.go:67.17,69.4 1 0
github.com/gucio321/d2d2s/pkg/d2s/d2sstats/stats.go:96.75,98.42 2 12
github.com/gucio321/d2d2s/pkg/d2s/d2sstats/stats.go:99.11,101.17 2 17
github.com/gucio321/d2d2s/pkg/d2s/d2sstats/stats.go:114.42,137.43 4 2
github.com/gucio321/d2d2s/pkg/d2s/d2sstats/stats.go:155.2,158.27 3 2
github.com/gucio321/d2d2s/pkg/d2s/d2sstats/stats.go:137.43,139.12 1 32
github.com/gucio321/d2d2s/pkg/d2s/d2sstats/stats.go:146.3,147.17 2 29
github.com/gucio321/d2d2s/pkg/d2s/d2sstats/stats.go:151.3,152.31 2 29
github.com/gucio321/d2d2s/pkg/d2s/d2sstats/stats.go:140.34,141.23 1 4
github.com/gucio321/d2d2s/pkg/d2s/d2sstats/stats.go:141.23,142.13 1 3
github.com/gucio321/d2d2s/pkg/d2s/d2sstats/stats.go:147.17,149.4 1 0
github.com/gucio321/d2d2s/pkg/d2s/d2sstats/stats.go:185.43,207.9 3 59
github.com/gucio321/d2d2s/pkg/d2s/d2sstats/stats.go:211.2,211.15 1 58
github.com/gucio321/d2d2s/pkg/d2s/d2sstats/stats.go:207.9,209.3 1 1
github.com/gucio321/d2d2s/pkg/d2s/d2swaypoints/waypoints.go:21.73,23.2 1 2
github.com/gucio321/d2d2s/pkg/d2s/d2swaypoints/waypoints.go:29.23,33.72 3 2
github.com/gucio321/d2d2s/pkg/d2s/d2swaypoints/waypoints.go:51.2,51.15 1 2
github.com/gucio321/d2d2s/pkg/d2s/d2swaypoints/waypoints.go:33.72,36.48 2 6
github.com/gucio321/d2d2s/pkg/d2s/d2swaypoints/waypoints.go:36.48,41.19 3 30
github.com/gucio321/d2d2s/pkg/d2s/d2swaypoints/waypoints.go:47.4,47.41 1 30
github.com/gucio321/d2d2s/pkg/d2s/d2swaypoints/waypoints.go:41.19,43.5 1 6
github.com/gucio321/d2d2s/pkg/d2s/d2swaypoints/waypoints.go:43.10,45.5 1 24
github.com/gucio321/d2d2s/pkg/d2s/d2swaypoints/waypoints.go:55.63,59.36 3 2
github.com/gucio321/d2d2s/pkg/d2s/d2swaypoints/waypoints.go:64.2,66.72 2 2
github.com/gucio321/d2d2s/pkg/d2s/d2swaypoints/waypoints.go:84.2,84.12 1 2
github.com/gucio321/d2d2s/pkg/d2s/d2swaypoints/waypoints.go:59.36,61.3 1 0
github.com/gucio321/d2d2s/pkg/d2s/d2swaypoints/waypoints.go:66.72,77.48 6 6
github.com/gucio321/d2d2s/pkg/d2s/d2swaypoints/waypoints.go:77.48,78.35 1 30
github.com/gucio321/d2d2s/pkg/d2s/d2swaypoints/waypoints.go:78.35,80.5 1 234
github.com/gucio321/d2d2s/pkg/d2s/d2swaypoints/waypoints.go:88.63,96.72 5 2
github.com/gucio321/d2d2s/pkg/d2s/d2swaypoints/waypoints.go:118.2,122.15 4 2
github.com/gucio321/d2d2s/pkg/d2s/d2swaypoints/waypoints.go:96.72,103.47 3 6
github.com/gucio321/d2d2s/pkg/d2s/d2swaypoints/waypoints.go:109.3,115.34 5 6
github.com/gucio321/d2d2s/pkg/d2s/d2swaypoints/waypoints.go:103.47,104.36 1 30
github.com/gucio321/d2d2s/pkg/d2s/d2swaypoints/waypoints.go:104.36,106.5 1 234
