mode: atomic
github.com/gucio321/d2d2s/internal/datareader/reader.go:10.37,16.2 2 9
github.com/gucio321/d2d2s/internal/datareader/reader.go:18.40,20.2 1 45
github.com/gucio321/d2d2s/internal/datareader/reader.go:22.38,24.2 1 45
github.com/gucio321/d2d2s/internal/datareader/reader.go:26.32,31.2 3 45
github.com/gucio321/d2d2s/internal/datareader/reader.go:33.32,35.2 1 2
github.com/gucio321/d2d2s/internal/datareader/reader.go:37.64,38.9 1 7
github.com/gucio321/d2d2s/internal/datareader/reader.go:45.2,45.29 1 5
github.com/gucio321/d2d2s/internal/datareader/reader.go:49.2,49.15 1 5
github.com/gucio321/d2d2s/internal/datareader/reader.go:39.18,40.11 1 1
github.com/gucio321/d2d2s/internal/datareader/reader.go:41.21,42.66 1 1
github.com/gucio321/d2d2s/internal/datareader/reader.go:45.29,47.3 1 43
github.com/gucio321/d2d2s/internal/datareader/reader.go:52.42,54.2 1 5
github.com/gucio321/d2d2s/internal/datareader/reader.go:56.46,58.2 1 2
github.com/gucio321/d2d2s/internal/datareader/reader.go:60.46,62.2 1 0
github.com/gucio321/d2d2s/internal/datareader/reader.go:64.46,66.2 1 0
github.com/gucio321/d2d2s/internal/datareader/reader.go:68.33,70.2 1 0
github.com/gucio321/d2d2s/internal/datareader/reader.go:72.54,73.29 1 0
github.com/gucio321/d2d2s/internal/datareader/reader.go:77.2,77.15 1 0
github.com/gucio321/d2d2s/internal/datareader/reader.go:73.29,75.3 1 0
github.com/gucio321/d2d2s/internal/datareader/reader.go:80.33,82.2 1 0
github.com/gucio321/d2d2s/internal/datareader/reader.go:84.37,86.2 1 2
github.com/gucio321/d2d2s/internal/datareader/reader.go:88.35,90.2 1 1
