mode: atomic
github.com/gucio321/d2d2s/internal/datareader/reader.go:20.37,27.2 2 15
github.com/gucio321/d2d2s/internal/datareader/reader.go:30.52,31.14 1 6
github.com/gucio321/d2d2s/internal/datareader/reader.go:35.2,35.24 1 5
github.com/gucio321/d2d2s/internal/datareader/reader.go:45.2,45.15 1 4
github.com/gucio321/d2d2s/internal/datareader/reader.go:31.14,33.3 1 1
github.com/gucio321/d2d2s/internal/datareader/reader.go:35.24,38.35 2 8
github.com/gucio321/d2d2s/internal/datareader/reader.go:42.3,42.16 1 7
github.com/gucio321/d2d2s/internal/datareader/reader.go:38.35,40.4 1 1
github.com/gucio321/d2d2s/internal/datareader/reader.go:49.41,51.2 1 0
github.com/gucio321/d2d2s/internal/datareader/reader.go:54.29,56.2 1 0
github.com/gucio321/d2d2s/internal/datareader/reader.go:59.42,61.2 1 0
github.com/gucio321/d2d2s/internal/datareader/reader.go:64.26,66.2 1 0
github.com/gucio321/d2d2s/internal/datareader/reader.go:68.40,70.29 2 109
github.com/gucio321/d2d2s/internal/datareader/reader.go:75.2,77.15 2 101
github.com/gucio321/d2d2s/internal/datareader/reader.go:70.29,73.3 2 8
github.com/gucio321/d2d2s/internal/datareader/reader.go:81.38,83.2 1 109
github.com/gucio321/d2d2s/internal/datareader/reader.go:85.32,90.2 3 109
github.com/gucio321/d2d2s/internal/datareader/reader.go:93.32,95.2 1 2
github.com/gucio321/d2d2s/internal/datareader/reader.go:97.60,98.9 1 15
github.com/gucio321/d2d2s/internal/datareader/reader.go:105.2,105.29 1 13
github.com/gucio321/d2d2s/internal/datareader/reader.go:109.2,109.15 1 13
github.com/gucio321/d2d2s/internal/datareader/reader.go:99.18,100.11 1 1
github.com/gucio321/d2d2s/internal/datareader/reader.go:101.21,102.66 1 1
github.com/gucio321/d2d2s/internal/datareader/reader.go:105.29,107.3 1 107
github.com/gucio321/d2d2s/internal/datareader/reader.go:113.42,115.2 1 13
github.com/gucio321/d2d2s/internal/datareader/reader.go:118.46,120.2 1 2
github.com/gucio321/d2d2s/internal/datareader/reader.go:123.46,125.2 1 0
github.com/gucio321/d2d2s/internal/datareader/reader.go:128.46,130.2 1 0
github.com/gucio321/d2d2s/internal/datareader/reader.go:133.33,135.2 1 8
github.com/gucio321/d2d2s/internal/datareader/reader.go:138.54,139.29 1 0
github.com/gucio321/d2d2s/internal/datareader/reader.go:143.2,143.15 1 0
github.com/gucio321/d2d2s/internal/datareader/reader.go:139.29,141.3 1 0
github.com/gucio321/d2d2s/internal/datareader/reader.go:147.33,149.2 1 0
github.com/gucio321/d2d2s/internal/datareader/reader.go:152.37,154.2 1 2
github.com/gucio321/d2d2s/internal/datareader/reader.go:157.35,159.2 1 1
github.com/gucio321/d2d2s/internal/datareader/reader.go:162.37,164.2 1 0
github.com/gucio321/d2d2s/internal/datareader/reader.go:167.35,169.2 1 0
github.com/gucio321/d2d2s/internal/datareader/reader.go:173.32,175.2 1 8
